<?xml version="1.0" encoding="UTF-8"?>
<!-- Generated by org.testng.reporters.JUnitReportReporter -->
<testsuite skipped="0" hostname="LAPTOP-EUI09ITD" name="runners.OpenAccount" tests="1" failures="0" timestamp="02 Apr 2018 14:20:56 GMT" time="39.603" errors="0">
  <testcase name="feature" time="39.603" classname="runners.OpenAccount"/>
</testsuite> <!-- runners.OpenAccount -->
