<?xml version="1.0" encoding="UTF-8"?>
<!-- Generated by org.testng.reporters.JUnitReportReporter -->
<testsuite skipped="0" hostname="LAPTOP-EUI09ITD" name="runners.OpenAccount" tests="1" failures="0" timestamp="02 Apr 2018 00:52:56 GMT" time="41.381" errors="0">
  <testcase name="feature" time="41.381" classname="runners.OpenAccount"/>
</testsuite> <!-- runners.OpenAccount -->
