<?xml version="1.0" encoding="UTF-8"?>
<!-- Generated by org.testng.reporters.JUnitReportReporter -->
<testsuite skipped="0" hostname="LAPTOP-EUI09ITD" name="runners.OpenMortgageAccountRunner" tests="1" failures="0" timestamp="28 May 2018 23:26:23 GMT" time="21.770" errors="0">
  <testcase name="feature" time="21.770" classname="runners.OpenMortgageAccountRunner"/>
</testsuite> <!-- runners.OpenMortgageAccountRunner -->
